[2021-07-06 11:36:12.944] [jointLog] [info] setting maxHashResizeThreads to 16
[2021-07-06 11:36:12.944] [jointLog] [info] Fragment incompatibility prior below threshold.  Incompatible fragments will be ignored.
[2021-07-06 11:36:12.944] [jointLog] [info] Usage of --validateMappings implies use of minScoreFraction. Since not explicitly specified, it is being set to 0.65
[2021-07-06 11:36:12.944] [jointLog] [info] Setting consensusSlack to selective-alignment default of 0.35.
[2021-07-06 11:36:12.944] [jointLog] [info] parsing read library format
[2021-07-06 11:36:12.944] [jointLog] [info] There is 1 library.
[2021-07-06 11:36:12.996] [jointLog] [info] Loading pufferfish index
[2021-07-06 11:36:12.996] [jointLog] [info] Loading dense pufferfish index.
[2021-07-06 11:36:14.535] [jointLog] [info] done
[2021-07-06 11:36:14.535] [jointLog] [info] Index contained 137,562 targets
[2021-07-06 11:36:14.581] [jointLog] [info] Number of decoys : 0
[2021-07-06 11:36:15.425] [jointLog] [info] Automatically detected most likely library type as IU

[2021-07-06 11:41:43.436] [jointLog] [info] Computed 193,535 rich equivalence classes for further processing
[2021-07-06 11:41:43.436] [jointLog] [info] Counted 48,690,004 total reads in the equivalence classes 
[2021-07-06 11:41:43.449] [jointLog] [info] Number of mappings discarded because of alignment score : 58,799,417
[2021-07-06 11:41:43.449] [jointLog] [info] Number of fragments entirely discarded because of alignment score : 13,363,403
[2021-07-06 11:41:43.449] [jointLog] [info] Number of fragments discarded because they are best-mapped to decoys : 0
[2021-07-06 11:41:43.449] [jointLog] [info] Number of fragments discarded because they have only dovetail (discordant) mappings to valid targets : 3,359,125
[2021-07-06 11:41:43.449] [jointLog] [info] Mapping rate = 61.8823%

[2021-07-06 11:41:43.449] [jointLog] [info] finished quantifyLibrary()
[2021-07-06 11:41:43.451] [jointLog] [info] Starting optimizer
[2021-07-06 11:41:43.548] [jointLog] [info] Marked 0 weighted equivalence classes as degenerate
[2021-07-06 11:41:43.562] [jointLog] [info] iteration = 0 | max rel diff. = 925.616
[2021-07-06 11:41:43.436] [fileLog] [info] 
At end of round 0
==================
Observed 78681665 total fragments (78681665 in most recent round)

[2021-07-06 11:41:44.925] [jointLog] [info] iteration = 100 | max rel diff. = 13.0523
[2021-07-06 11:41:46.285] [jointLog] [info] iteration = 200 | max rel diff. = 1.4394
[2021-07-06 11:41:47.643] [jointLog] [info] iteration = 300 | max rel diff. = 14.2978
[2021-07-06 11:41:48.979] [jointLog] [info] iteration = 400 | max rel diff. = 2.07152
[2021-07-06 11:41:50.317] [jointLog] [info] iteration = 500 | max rel diff. = 1.12417
[2021-07-06 11:41:51.651] [jointLog] [info] iteration = 600 | max rel diff. = 0.299633
[2021-07-06 11:41:52.983] [jointLog] [info] iteration = 700 | max rel diff. = 0.651719
[2021-07-06 11:41:54.319] [jointLog] [info] iteration = 800 | max rel diff. = 0.0445892
[2021-07-06 11:41:55.651] [jointLog] [info] iteration = 900 | max rel diff. = 3.57803
[2021-07-06 11:41:56.986] [jointLog] [info] iteration = 1,000 | max rel diff. = 0.40842
[2021-07-06 11:41:58.319] [jointLog] [info] iteration = 1,100 | max rel diff. = 0.0520239
[2021-07-06 11:41:59.651] [jointLog] [info] iteration = 1,200 | max rel diff. = 0.307002
[2021-07-06 11:42:00.983] [jointLog] [info] iteration = 1,300 | max rel diff. = 0.0474658
[2021-07-06 11:42:01.755] [jointLog] [info] iteration = 1,359 | max rel diff. = 0.00815182
[2021-07-06 11:42:01.779] [jointLog] [info] Finished optimizer
[2021-07-06 11:42:01.779] [jointLog] [info] writing output 

[2021-07-06 11:42:02.003] [jointLog] [warning] NOTE: Read Lib [[ /dss/dssfs02/lwp-dss-0001/pr63la/pr63la-dss-0000/ra52noz2/rawdata/StrokeGut_04_S1_L001_R1_001.fq.gz, /dss/dssfs02/lwp-dss-0001/pr63la/pr63la-dss-0000/ra52noz2/rawdata/StrokeGut_04_S1_L001_R2_001.fq.gz]] :

Detected a *potential* strand bias > 1% in an unstranded protocol check the file: quants/StrokeGut_04_quant/lib_format_counts.json for details

