[2021-07-06 11:22:39.262] [jointLog] [info] setting maxHashResizeThreads to 16
[2021-07-06 11:22:39.262] [jointLog] [info] Fragment incompatibility prior below threshold.  Incompatible fragments will be ignored.
[2021-07-06 11:22:39.262] [jointLog] [info] Usage of --validateMappings implies use of minScoreFraction. Since not explicitly specified, it is being set to 0.65
[2021-07-06 11:22:39.262] [jointLog] [info] Setting consensusSlack to selective-alignment default of 0.35.
[2021-07-06 11:22:39.262] [jointLog] [info] parsing read library format
[2021-07-06 11:22:39.262] [jointLog] [info] There is 1 library.
[2021-07-06 11:22:39.314] [jointLog] [info] Loading pufferfish index
[2021-07-06 11:22:39.314] [jointLog] [info] Loading dense pufferfish index.
[2021-07-06 11:22:40.538] [jointLog] [info] done
[2021-07-06 11:22:40.538] [jointLog] [info] Index contained 137,562 targets
[2021-07-06 11:22:40.583] [jointLog] [info] Number of decoys : 0
[2021-07-06 11:22:41.363] [jointLog] [info] Automatically detected most likely library type as IU

[2021-07-06 11:28:38.205] [fileLog] [info] 
At end of round 0
==================
Observed 85969485 total fragments (85969485 in most recent round)

[2021-07-06 11:28:38.204] [jointLog] [info] Computed 272,678 rich equivalence classes for further processing
[2021-07-06 11:28:38.204] [jointLog] [info] Counted 58,134,714 total reads in the equivalence classes 
[2021-07-06 11:28:38.219] [jointLog] [info] Number of mappings discarded because of alignment score : 63,140,994
[2021-07-06 11:28:38.219] [jointLog] [info] Number of fragments entirely discarded because of alignment score : 17,008,328
[2021-07-06 11:28:38.219] [jointLog] [info] Number of fragments discarded because they are best-mapped to decoys : 0
[2021-07-06 11:28:38.219] [jointLog] [info] Number of fragments discarded because they have only dovetail (discordant) mappings to valid targets : 7,948,744
[2021-07-06 11:28:38.219] [jointLog] [info] Mapping rate = 67.6225%

[2021-07-06 11:28:38.219] [jointLog] [info] finished quantifyLibrary()
[2021-07-06 11:28:38.224] [jointLog] [info] Starting optimizer
[2021-07-06 11:28:38.335] [jointLog] [info] Marked 0 weighted equivalence classes as degenerate
[2021-07-06 11:28:38.350] [jointLog] [info] iteration = 0 | max rel diff. = 69.4989
[2021-07-06 11:28:39.857] [jointLog] [info] iteration = 100 | max rel diff. = 11.3001
[2021-07-06 11:28:41.372] [jointLog] [info] iteration = 200 | max rel diff. = 16.359
[2021-07-06 11:28:42.875] [jointLog] [info] iteration = 300 | max rel diff. = 4.94261
[2021-07-06 11:28:44.349] [jointLog] [info] iteration = 400 | max rel diff. = 0.111205
[2021-07-06 11:28:45.820] [jointLog] [info] iteration = 500 | max rel diff. = 0.120293
[2021-07-06 11:28:47.284] [jointLog] [info] iteration = 600 | max rel diff. = 4.42649
[2021-07-06 11:28:48.743] [jointLog] [info] iteration = 700 | max rel diff. = 0.567945
[2021-07-06 11:28:50.200] [jointLog] [info] iteration = 800 | max rel diff. = 0.161895
[2021-07-06 11:28:51.655] [jointLog] [info] iteration = 900 | max rel diff. = 0.0585951
[2021-07-06 11:28:53.113] [jointLog] [info] iteration = 1,000 | max rel diff. = 0.183892
[2021-07-06 11:28:54.566] [jointLog] [info] iteration = 1,100 | max rel diff. = 0.214061
[2021-07-06 11:28:56.020] [jointLog] [info] iteration = 1,200 | max rel diff. = 0.0124654
[2021-07-06 11:28:57.474] [jointLog] [info] iteration = 1,300 | max rel diff. = 0.0333768
[2021-07-06 11:28:58.303] [jointLog] [info] iteration = 1,358 | max rel diff. = 0.00941509
[2021-07-06 11:28:58.332] [jointLog] [info] Finished optimizer
[2021-07-06 11:28:58.332] [jointLog] [info] writing output 

[2021-07-06 11:28:58.569] [jointLog] [warning] NOTE: Read Lib [[ /dss/dssfs02/lwp-dss-0001/pr63la/pr63la-dss-0000/ra52noz2/rawdata/StrokeGut_02_S1_L001_R1_001.fq.gz, /dss/dssfs02/lwp-dss-0001/pr63la/pr63la-dss-0000/ra52noz2/rawdata/StrokeGut_02_S1_L001_R2_001.fq.gz]] :

Detected a *potential* strand bias > 1% in an unstranded protocol check the file: quants/StrokeGut_02_quant/lib_format_counts.json for details

